TN:
SF:src\app\page.tsx
FN:21,(anonymous_2)
FN:24,(anonymous_3)
FN:30,(anonymous_4)
FN:36,(anonymous_5)
FNF:4
FNH:4
FNDA:3,(anonymous_2)
FNDA:6,(anonymous_3)
FNDA:1,(anonymous_4)
FNDA:8,(anonymous_5)
DA:3,1
DA:4,1
DA:5,1
DA:6,1
DA:7,1
DA:8,1
DA:9,1
DA:10,1
DA:11,1
DA:12,1
DA:13,1
DA:20,1
DA:21,3
DA:24,1
DA:25,6
DA:26,6
DA:30,6
DA:31,1
DA:35,6
DA:37,8
DA:38,6
DA:39,4
DA:43,6
DA:44,1
DA:66,4
DA:68,1
DA:77,1
LF:27
LH:27
BRDA:20,0,0,1
BRDA:20,0,1,0
BRDA:27,1,0,6
BRDA:27,1,1,0
BRDA:35,2,0,4
BRDA:35,2,1,2
BRDA:37,3,0,2
BRDA:38,4,0,2
BRDA:43,5,0,1
BRDA:57,6,0,4
BRF:10
BRH:8
end_of_record
TN:
SF:src\common\constants.ts
FNF:0
FNH:0
DA:1,2
DA:2,9
DA:3,7
DA:4,2
LF:4
LH:4
BRF:0
BRH:0
end_of_record
TN:
SF:src\components\common\SearchBar.tsx
FN:11,(anonymous_1)
FN:14,(anonymous_2)
FN:21,(anonymous_3)
FNF:3
FNH:3
FNDA:7,(anonymous_1)
FNDA:2,(anonymous_2)
FNDA:2,(anonymous_3)
DA:4,1
DA:5,1
DA:11,1
DA:12,7
DA:14,7
DA:15,2
DA:16,2
DA:17,2
DA:21,7
DA:22,2
DA:40,3
DA:42,1
LF:12
LH:12
BRDA:15,0,0,2
BRDA:15,1,0,2
BRDA:15,1,1,2
BRF:3
BRH:3
end_of_record
TN:
SF:src\components\common\Tabs.tsx
FN:17,(anonymous_1)
FN:20,(anonymous_2)
FN:24,(anonymous_3)
FNF:3
FNH:3
FNDA:3,(anonymous_1)
FNDA:9,(anonymous_2)
FNDA:1,(anonymous_3)
DA:4,1
DA:17,1
DA:21,9
DA:24,1
DA:33,3
DA:35,1
LF:6
LH:6
BRDA:23,0,0,3
BRDA:23,0,1,6
BRF:2
BRH:2
end_of_record
TN:
SF:src\components\todos\TodoItem.tsx
FN:7,(anonymous_2)
FN:11,(anonymous_3)
FN:24,(anonymous_4)
FN:48,(anonymous_5)
FN:59,(anonymous_6)
FNF:5
FNH:5
FNDA:2,(anonymous_2)
FNDA:1,(anonymous_3)
FNDA:1,(anonymous_4)
FNDA:2,(anonymous_5)
FNDA:2,(anonymous_6)
DA:3,1
DA:4,1
DA:5,1
DA:6,1
DA:7,1
DA:8,2
DA:11,1
DA:24,1
DA:31,2
DA:33,1
DA:42,1
DA:48,2
DA:59,2
DA:66,1
LF:14
LH:14
BRDA:13,0,0,2
BRDA:56,1,0,0
BRDA:56,1,1,2
BRDA:63,2,0,0
BRDA:63,2,1,2
BRF:5
BRH:3
end_of_record
TN:
SF:src\components\todos\TodoList.tsx
FN:11,(anonymous_2)
FN:16,(anonymous_3)
FNF:2
FNH:2
FNDA:2,(anonymous_2)
FNDA:2,(anonymous_3)
DA:4,1
DA:5,1
DA:11,1
DA:17,2
DA:24,2
DA:26,1
LF:6
LH:6
BRF:0
BRH:0
end_of_record
TN:
SF:src\hooks\useTodoStore.ts
FN:21,(anonymous_1)
FN:25,(anonymous_2)
FN:27,(anonymous_3)
FN:34,(anonymous_4)
FN:40,(anonymous_5)
FN:42,(anonymous_6)
FN:50,(anonymous_7)
FN:51,(anonymous_8)
FN:53,(anonymous_9)
FN:60,(anonymous_10)
FN:61,(anonymous_11)
FN:63,(anonymous_12)
FNF:12
FNH:12
FNDA:3,(anonymous_1)
FNDA:5,(anonymous_2)
FNDA:15,(anonymous_3)
FNDA:55,(anonymous_4)
FNDA:45,(anonymous_5)
FNDA:13,(anonymous_6)
FNDA:1,(anonymous_7)
FNDA:1,(anonymous_8)
FNDA:1,(anonymous_9)
FNDA:1,(anonymous_10)
FNDA:1,(anonymous_11)
FNDA:1,(anonymous_12)
DA:1,3
DA:2,3
DA:19,18
DA:21,3
DA:25,5
DA:28,15
DA:29,1
DA:30,1
DA:33,14
DA:34,55
DA:35,1
DA:36,1
DA:40,45
DA:42,13
DA:51,1
DA:54,1
DA:61,1
DA:63,1
LF:18
LH:18
BRDA:28,0,0,1
BRDA:33,1,0,14
BRDA:33,1,1,0
BRDA:34,2,0,1
BRDA:40,3,0,9
BRDA:40,3,1,4
BRDA:44,4,0,13
BRDA:44,4,1,0
BRDA:52,5,0,1
BRDA:52,5,1,0
BRDA:54,6,0,1
BRDA:54,6,1,0
BRDA:62,7,0,1
BRDA:62,7,1,0
BRF:14
BRH:9
end_of_record
